This is pdfTeX, Version 3.1415926-2.5-1.40.14 (TeX Live 2013/Debian) (format=pdflatex 2015.9.30)  25 APR 2016 16:03
entering extended mode
 restricted \write18 enabled.
 %&-line parsing enabled.
**T4figs.tex
(./T4figs.tex
LaTeX2e <2011/06/27>
Babel <3.9h> and hyphenation patterns for 78 languages loaded.
(/usr/share/texlive/texmf-dist/tex/latex/subfiles/subfiles.cls
Document Class: subfiles 2012/05/23 Federico Garcia
(/usr/share/texlive/texmf-dist/tex/latex/tools/verbatim.sty
Package: verbatim 2003/08/22 v1.5q LaTeX2e package for verbatim enhancements
\every@verbatim=\toks14
\verbatim@line=\toks15
\verbatim@in@stream=\read1
)
Preamble taken from file `T4paper.tex'
(./T4paper.tex (/usr/share/texlive/texmf-dist/tex/latex/achemso/achemso.cls
Document Class: achemso 2014/01/08 v3.8e Submission to ACS journals
(/usr/share/texlive/texmf-dist/tex/latex/base/article.cls
Document Class: article 2007/10/19 v1.4h Standard LaTeX document class
(/usr/share/texlive/texmf-dist/tex/latex/base/size12.clo
File: size12.clo 2007/10/19 v1.4h Standard LaTeX file (size option)
)
\c@part=\count79
\c@section=\count80
\c@subsection=\count81
\c@subsubsection=\count82
\c@paragraph=\count83
\c@subparagraph=\count84
\c@figure=\count85
\c@table=\count86
\abovecaptionskip=\skip41
\belowcaptionskip=\skip42
\bibindent=\dimen102
)
(/usr/share/texlive/texmf-dist/tex/latex/xkeyval/xkeyval.sty
Package: xkeyval 2012/10/14 v2.6b package option processing (HA)

(/usr/share/texlive/texmf-dist/tex/generic/xkeyval/xkeyval.tex
\XKV@toks=\toks16
\XKV@tempa@toks=\toks17
\XKV@depth=\count87
File: xkeyval.tex 2012/10/14 v2.6b key=value parser (HA)

(/usr/share/texlive/texmf-dist/tex/generic/xkeyval/keyval.tex)))
\acs@bib@file=\write3
\c@bibnote=\count88

(/usr/share/texlive/texmf-dist/tex/latex/geometry/geometry.sty
Package: geometry 2010/09/12 v5.6 Page Geometry

(/usr/share/texlive/texmf-dist/tex/generic/oberdiek/ifpdf.sty
Package: ifpdf 2011/01/30 v2.3 Provides the ifpdf switch (HO)
Package ifpdf Info: pdfTeX in PDF mode is detected.
)
(/usr/share/texlive/texmf-dist/tex/generic/oberdiek/ifvtex.sty
Package: ifvtex 2010/03/01 v1.5 Detect VTeX and its facilities (HO)
Package ifvtex Info: VTeX not detected.
)
(/usr/share/texlive/texmf-dist/tex/generic/ifxetex/ifxetex.sty
Package: ifxetex 2010/09/12 v0.6 Provides ifxetex conditional
)
\Gm@cnth=\count89
\Gm@cntv=\count90
\c@Gm@tempcnt=\count91
\Gm@bindingoffset=\dimen103
\Gm@wd@mp=\dimen104
\Gm@odd@mp=\dimen105
\Gm@even@mp=\dimen106
\Gm@layoutwidth=\dimen107
\Gm@layoutheight=\dimen108
\Gm@layouthoffset=\dimen109
\Gm@layoutvoffset=\dimen110
\Gm@dimlist=\toks18
)
(/usr/share/texlive/texmf-dist/tex/latex/caption/caption.sty
Package: caption 2013/05/02 v3.3-89 Customizing captions (AR)

(/usr/share/texlive/texmf-dist/tex/latex/caption/caption3.sty
Package: caption3 2013/05/02 v1.6-88 caption3 kernel (AR)
Package caption3 Info: TeX engine: e-TeX on input line 57.
\captionmargin=\dimen111
\captionmargin@=\dimen112
\captionwidth=\dimen113
\caption@tempdima=\dimen114
\caption@indent=\dimen115
\caption@parindent=\dimen116
\caption@hangindent=\dimen117
)
\c@ContinuedFloat=\count92
)
(/usr/share/texlive/texmf-dist/tex/latex/float/float.sty
Package: float 2001/11/08 v1.3d Float enhancements (AL)
\c@float@type=\count93
\float@exts=\toks19
\float@box=\box26
\@float@everytoks=\toks20
\@floatcapt=\box27
)
(/usr/share/texlive/texmf-dist/tex/latex/graphics/graphicx.sty
Package: graphicx 1999/02/16 v1.0f Enhanced LaTeX Graphics (DPC,SPQR)

(/usr/share/texlive/texmf-dist/tex/latex/graphics/graphics.sty
Package: graphics 2009/02/05 v1.0o Standard LaTeX Graphics (DPC,SPQR)

(/usr/share/texlive/texmf-dist/tex/latex/graphics/trig.sty
Package: trig 1999/03/16 v1.09 sin cos tan (DPC)
)
(/usr/share/texlive/texmf-dist/tex/latex/latexconfig/graphics.cfg
File: graphics.cfg 2010/04/23 v1.9 graphics configuration of TeX Live
)
Package graphics Info: Driver file: pdftex.def on input line 91.

(/usr/share/texlive/texmf-dist/tex/latex/pdftex-def/pdftex.def
File: pdftex.def 2011/05/27 v0.06d Graphics/color for pdfTeX

(/usr/share/texlive/texmf-dist/tex/generic/oberdiek/infwarerr.sty
Package: infwarerr 2010/04/08 v1.3 Providing info/warning/error messages (HO)
)
(/usr/share/texlive/texmf-dist/tex/generic/oberdiek/ltxcmds.sty
Package: ltxcmds 2011/11/09 v1.22 LaTeX kernel commands for general use (HO)
)
\Gread@gobject=\count94
))
\Gin@req@height=\dimen118
\Gin@req@width=\dimen119
)
(/usr/share/texlive/texmf-dist/tex/latex/setspace/setspace.sty
Package: setspace 2011/12/19 v6.7a set line spacing
)
(/usr/share/texlive/texmf-dist/tex/latex/url/url.sty
\Urlmuskip=\muskip10
Package: url 2013/09/16  ver 3.4  Verb mode for urls, etc.
)
\acs@author@cnt=\count95
\acs@affil@cnt=\count96
\acs@affil@alt@cnt=\count97
\acs@footnote@cnt=\count98
\acs@affil@marker@cnt=\count99
\acs@space@pre@title=\skip43
\acs@space@post@title=\skip44
\acs@space@post@author=\skip45
\acs@space@post@address=\skip46
\acs@space@post@email=\skip47
\acs@maketitle@width=\skip48
\@float@every@scheme=\toks21
\c@scheme=\count100
\@float@every@chart=\toks22
\c@chart=\count101
\@float@every@graph=\toks23
\c@graph=\count102
\@float@every@table=\toks24
\acs@collect@toks=\toks25
\acs@collect@empty@toks=\toks26
\acs@tocentry@height=\skip49
\acs@tocentry@width=\skip50

(/usr/share/texlive/texmf-dist/tex/latex/achemso/config/jctcce.cfg
File: jctcce.cfg 2014/01/08 v3.8e achemso configuration: J. Chem. Theory Comput
.
)
(/usr/share/texlive/texmf-dist/tex/latex/natbib/natbib.sty
Package: natbib 2010/09/13 8.31b (PWD, AO)
\bibhang=\skip51
\bibsep=\skip52
LaTeX Info: Redefining \cite on input line 694.
\c@NAT@ctr=\count103
)
(/usr/share/texlive/texmf-dist/tex/latex/achemso/natmove.sty
Package: natmove 2010/01/15 v1.1a Automatic citation moving with natbib
)
(/usr/share/texlive/texmf-dist/tex/latex/mciteplus/mciteplus.sty
Package: mciteplus 2013/09/13 v1.2 enhanced mcite
\@mcitetmptoksA=\toks27
\@mcitetmpdima=\dimen120
\@mcitetmpdimb=\dimen121
\@mcitetmpcnta=\count104
\@mcitetmpcntb=\count105
\c@mcitebibitemcount=\count106
\c@mcitesubitemcount=\count107

** mciteplus: Detected natbib.sty. Invoking hooks.
)) (/usr/share/texlive/texmf-dist/tex/latex/mhchem/mhchem.sty
Package: mhchem 2014/02/01 v3.15 for typesetting chemical formulae

(/usr/share/texlive/texmf-dist/tex/latex/base/ifthen.sty
Package: ifthen 2001/05/26 v1.1c Standard LaTeX ifthen package (DPC)
)
(/usr/share/texlive/texmf-dist/tex/latex/tools/calc.sty
Package: calc 2007/08/22 v4.3 Infix arithmetic (KKT,FJ)
\calc@Acount=\count108
\calc@Bcount=\count109
\calc@Adimen=\dimen122
\calc@Bdimen=\dimen123
\calc@Askip=\skip53
\calc@Bskip=\skip54
LaTeX Info: Redefining \setlength on input line 76.
LaTeX Info: Redefining \addtolength on input line 77.
\calc@Ccount=\count110
\calc@Cskip=\skip55
)
(/usr/share/texlive/texmf-dist/tex/latex/oberdiek/twoopt.sty
Package: twoopt 2008/08/11 v1.5 Definitions with two optional arguments (HO)
)
(/usr/share/texlive/texmf-dist/tex/latex/amsmath/amsmath.sty
Package: amsmath 2013/01/14 v2.14 AMS math features
\@mathmargin=\skip56

For additional information on amsmath, use the `?' option.
(/usr/share/texlive/texmf-dist/tex/latex/amsmath/amstext.sty
Package: amstext 2000/06/29 v2.01

(/usr/share/texlive/texmf-dist/tex/latex/amsmath/amsgen.sty
File: amsgen.sty 1999/11/30 v2.0
\@emptytoks=\toks28
\ex@=\dimen124
))
(/usr/share/texlive/texmf-dist/tex/latex/amsmath/amsbsy.sty
Package: amsbsy 1999/11/29 v1.2d
\pmbraise@=\dimen125
)
(/usr/share/texlive/texmf-dist/tex/latex/amsmath/amsopn.sty
Package: amsopn 1999/12/14 v2.01 operator names
)
\inf@bad=\count111
LaTeX Info: Redefining \frac on input line 210.
\uproot@=\count112
\leftroot@=\count113
LaTeX Info: Redefining \overline on input line 306.
\classnum@=\count114
\DOTSCASE@=\count115
LaTeX Info: Redefining \ldots on input line 378.
LaTeX Info: Redefining \dots on input line 381.
LaTeX Info: Redefining \cdots on input line 466.
\Mathstrutbox@=\box28
\strutbox@=\box29
\big@size=\dimen126
LaTeX Font Info:    Redeclaring font encoding OML on input line 566.
LaTeX Font Info:    Redeclaring font encoding OMS on input line 567.
\macc@depth=\count116
\c@MaxMatrixCols=\count117
\dotsspace@=\muskip11
\c@parentequation=\count118
\dspbrk@lvl=\count119
\tag@help=\toks29
\row@=\count120
\column@=\count121
\maxfields@=\count122
\andhelp@=\toks30
\eqnshift@=\dimen127
\alignsep@=\dimen128
\tagshift@=\dimen129
\tagwidth@=\dimen130
\totwidth@=\dimen131
\lineht@=\dimen132
\@envbody=\toks31
\multlinegap=\skip57
\multlinetaggap=\skip58
\mathdisplay@stack=\toks32
LaTeX Info: Redefining \[ on input line 2665.
LaTeX Info: Redefining \] on input line 2666.
)
(/usr/share/texlive/texmf-dist/tex/generic/oberdiek/pdftexcmds.sty
Package: pdftexcmds 2011/11/29 v0.20 Utility functions of pdfTeX for LuaTeX (HO
)

(/usr/share/texlive/texmf-dist/tex/generic/oberdiek/ifluatex.sty
Package: ifluatex 2010/03/01 v1.3 Provides the ifluatex switch (HO)
Package ifluatex Info: LuaTeX not detected.
)
Package pdftexcmds Info: LuaTeX not detected.
Package pdftexcmds Info: \pdf@primitive is available.
Package pdftexcmds Info: \pdf@ifprimitive is available.
Package pdftexcmds Info: \pdfdraftmode found.
)
(/usr/share/texlive/texmf-dist/tex/latex/l3kernel/expl3.sty
(/usr/share/texlive/texmf-dist/tex/latex/l3kernel/l3names.sty
(/usr/share/texlive/texmf-dist/tex/latex/l3kernel/l3bootstrap.sty
Package: l3bootstrap 2014/01/04 v4640 L3 Experimental bootstrap code
)
Package: l3names 2014/01/04 v4640 L3 Namespace for primitives
)
(/usr/share/texlive/texmf-dist/tex/latex/etex-pkg/etex.sty
Package: etex 1998/03/26 v2.0 eTeX basic definition package (PEB)
\et@xins=\count123
)
Package: expl3 2014/01/07 v4646 L3 Experimental code bundle wrapper

(/usr/share/texlive/texmf-dist/tex/latex/l3kernel/l3basics.sty
Package: l3basics 2014/01/04 v4642 L3 Basic definitions
)
(/usr/share/texlive/texmf-dist/tex/latex/l3kernel/l3expan.sty
Package: l3expan 2014/01/04 v4642 L3 Argument expansion
)
(/usr/share/texlive/texmf-dist/tex/latex/l3kernel/l3tl.sty
Package: l3tl 2013/12/27 v4625 L3 Token lists
)
(/usr/share/texlive/texmf-dist/tex/latex/l3kernel/l3seq.sty
Package: l3seq 2013/12/14 v4623 L3 Sequences and stacks
)
(/usr/share/texlive/texmf-dist/tex/latex/l3kernel/l3int.sty
Package: l3int 2013/08/02 v4583 L3 Integers
\c_max_int=\count124
\l_tmpa_int=\count125
\l_tmpb_int=\count126
\g_tmpa_int=\count127
\g_tmpb_int=\count128
)
(/usr/share/texlive/texmf-dist/tex/latex/l3kernel/l3quark.sty
Package: l3quark 2013/12/14 v4623 L3 Quarks
)
(/usr/share/texlive/texmf-dist/tex/latex/l3kernel/l3prg.sty
Package: l3prg 2014/01/04 v4642 L3 Control structures
\g__prg_map_int=\count129
)
(/usr/share/texlive/texmf-dist/tex/latex/l3kernel/l3clist.sty
Package: l3clist 2013/07/28 v4581 L3 Comma separated lists
)
(/usr/share/texlive/texmf-dist/tex/latex/l3kernel/l3token.sty
Package: l3token 2013/08/25 v4587 L3 Experimental token manipulation
)
(/usr/share/texlive/texmf-dist/tex/latex/l3kernel/l3prop.sty
Package: l3prop 2013/12/14 v4623 L3 Property lists
)
(/usr/share/texlive/texmf-dist/tex/latex/l3kernel/l3msg.sty
Package: l3msg 2013/07/28 v4581 L3 Messages
)
(/usr/share/texlive/texmf-dist/tex/latex/l3kernel/l3file.sty
Package: l3file 2013/10/13 v4596 L3 File and I/O operations
\l_iow_line_count_int=\count130
\l__iow_target_count_int=\count131
\l__iow_current_line_int=\count132
\l__iow_current_word_int=\count133
\l__iow_current_indentation_int=\count134
)
(/usr/share/texlive/texmf-dist/tex/latex/l3kernel/l3skip.sty
Package: l3skip 2013/07/28 v4581 L3 Dimensions and skips
\c_zero_dim=\dimen133
\c_max_dim=\dimen134
\l_tmpa_dim=\dimen135
\l_tmpb_dim=\dimen136
\g_tmpa_dim=\dimen137
\g_tmpb_dim=\dimen138
\c_zero_skip=\skip59
\c_max_skip=\skip60
\l_tmpa_skip=\skip61
\l_tmpb_skip=\skip62
\g_tmpa_skip=\skip63
\g_tmpb_skip=\skip64
\c_zero_muskip=\muskip12
\c_max_muskip=\muskip13
\l_tmpa_muskip=\muskip14
\l_tmpb_muskip=\muskip15
\g_tmpa_muskip=\muskip16
\g_tmpb_muskip=\muskip17
)
(/usr/share/texlive/texmf-dist/tex/latex/l3kernel/l3keys.sty
Package: l3keys 2013/12/08 v4614 L3 Experimental key-value interfaces
\g__keyval_level_int=\count135
\l_keys_choice_int=\count136
)
(/usr/share/texlive/texmf-dist/tex/latex/l3kernel/l3fp.sty
Package: l3fp 2014/01/04 v4642 L3 Floating points
\c__fp_leading_shift_int=\count137
\c__fp_middle_shift_int=\count138
\c__fp_trailing_shift_int=\count139
\c__fp_big_leading_shift_int=\count140
\c__fp_big_middle_shift_int=\count141
\c__fp_big_trailing_shift_int=\count142
\c__fp_Bigg_leading_shift_int=\count143
\c__fp_Bigg_middle_shift_int=\count144
\c__fp_Bigg_trailing_shift_int=\count145
)
(/usr/share/texlive/texmf-dist/tex/latex/l3kernel/l3box.sty
Package: l3box 2013/07/28 v4581 L3 Experimental boxes
\c_empty_box=\box30
\l_tmpa_box=\box31
\l_tmpb_box=\box32
\g_tmpa_box=\box33
\g_tmpb_box=\box34
)
(/usr/share/texlive/texmf-dist/tex/latex/l3kernel/l3coffins.sty
Package: l3coffins 2013/12/14 v4624 L3 Coffin code layer
\l__coffin_internal_box=\box35
\l__coffin_internal_dim=\dimen139
\l__coffin_offset_x_dim=\dimen140
\l__coffin_offset_y_dim=\dimen141
\l__coffin_x_dim=\dimen142
\l__coffin_y_dim=\dimen143
\l__coffin_x_prime_dim=\dimen144
\l__coffin_y_prime_dim=\dimen145
\c_empty_coffin=\box36
\l__coffin_aligned_coffin=\box37
\l__coffin_aligned_internal_coffin=\box38
\l_tmpa_coffin=\box39
\l_tmpb_coffin=\box40
\l__coffin_display_coffin=\box41
\l__coffin_display_coord_coffin=\box42
\l__coffin_display_pole_coffin=\box43
\l__coffin_display_offset_dim=\dimen146
\l__coffin_display_x_dim=\dimen147
\l__coffin_display_y_dim=\dimen148
)
(/usr/share/texlive/texmf-dist/tex/latex/l3kernel/l3color.sty
Package: l3color 2012/08/29 v4156 L3 Experimental color support
)
(/usr/share/texlive/texmf-dist/tex/latex/l3kernel/l3luatex.sty
Package: l3luatex 2013/07/28 v4581 L3 Experimental LuaTeX-specific functions
\g__cctab_allocate_int=\count146
\g__cctab_stack_int=\count147
)
(/usr/share/texlive/texmf-dist/tex/latex/l3kernel/l3candidates.sty
Package: l3candidates 2014/01/06 v4643 L3 Experimental additions to l3kernel
\l__box_top_dim=\dimen149
\l__box_bottom_dim=\dimen150
\l__box_left_dim=\dimen151
\l__box_right_dim=\dimen152
\l__box_top_new_dim=\dimen153
\l__box_bottom_new_dim=\dimen154
\l__box_left_new_dim=\dimen155
\l__box_right_new_dim=\dimen156
\l__box_internal_box=\box44
\l__coffin_bounding_shift_dim=\dimen157
\l__coffin_left_corner_dim=\dimen158
\l__coffin_right_corner_dim=\dimen159
\l__coffin_bottom_corner_dim=\dimen160
\l__coffin_top_corner_dim=\dimen161
\l__coffin_scaled_total_height_dim=\dimen162
\l__coffin_scaled_width_dim=\dimen163
))
\mhchem@ce@result=\toks33
\mhchem@ce@part=\toks34
\mhchem@arrow@deployType=\toks35
\mhchem@arrow@params=\toks36
\mhchem@arrowlength@pgf=\skip65
\mhchem@bondwidth=\skip66
\mhchem@bondheight=\skip67
\mhchem@smallbondwidth@tmpA=\skip68
\mhchem@smallbondwidth@tmpB=\skip69
\mhchem@smallbondwidth=\skip70
\__mhchem_option_version_int=\count148
\mhchem@prepostscript@tmp@i=\skip71
\mhchem@prepostscript@tmp@ii=\skip72
\mhchem@mathbox@tmp@i=\skip73
\mhchem@mathbox@tmp@ii=\skip74
\mhchem@minispace@tmp=\skip75
\mhchem@option@minussidebearingleft=\skip76
\mhchem@option@minussidebearingright=\skip77
)
(/usr/share/texlive/texmf-dist/tex/latex/base/fontenc.sty
Package: fontenc 2005/09/27 v1.99g Standard LaTeX package

(/usr/share/texlive/texmf-dist/tex/latex/base/t1enc.def
File: t1enc.def 2005/09/27 v1.99g Standard LaTeX file
LaTeX Font Info:    Redeclaring font encoding T1 on input line 43.
))
(/usr/share/texmf/tex/latex/xcolor/xcolor.sty
Package: xcolor 2007/01/21 v2.11 LaTeX color extensions (UK)

(/usr/share/texlive/texmf-dist/tex/latex/latexconfig/color.cfg
File: color.cfg 2007/01/18 v1.5 color configuration of teTeX/TeXLive
)
Package xcolor Info: Driver file: pdftex.def on input line 225.

(/usr/share/texlive/texmf-dist/tex/latex/colortbl/colortbl.sty
Package: colortbl 2012/02/13 v1.0a Color table columns (DPC)

(/usr/share/texlive/texmf-dist/tex/latex/tools/array.sty
Package: array 2008/09/09 v2.4c Tabular extension package (FMi)
\col@sep=\dimen164
\extrarowheight=\dimen165
\NC@list=\toks37
\extratabsurround=\skip78
\backup@length=\skip79
)
\everycr=\toks38
\minrowclearance=\skip80
)
\rownum=\count149
Package xcolor Info: Model `cmy' substituted by `cmy0' on input line 1337.
Package xcolor Info: Model `hsb' substituted by `rgb' on input line 1341.
Package xcolor Info: Model `RGB' extended on input line 1353.
Package xcolor Info: Model `HTML' substituted by `rgb' on input line 1355.
Package xcolor Info: Model `Hsb' substituted by `hsb' on input line 1356.
Package xcolor Info: Model `tHsb' substituted by `hsb' on input line 1357.
Package xcolor Info: Model `HSB' substituted by `hsb' on input line 1358.
Package xcolor Info: Model `Gray' substituted by `gray' on input line 1359.
Package xcolor Info: Model `wave' substituted by `hsb' on input line 1360.
)
(/usr/share/texlive/texmf-dist/tex/latex/subfiles/subfiles.sty
Package: subfiles 2012/05/23 Federico Garcia
)
(/usr/share/texlive/texmf-dist/tex/latex/caption/subcaption.sty
Package: subcaption 2013/02/03 v1.1-62 Sub-captions (AR)
\c@subfigure=\count150
\c@subtable=\count151
)
(/usr/share/texlive/texmf-dist/tex/latex/multirow/multirow.sty
\bigstrutjot=\dimen166
)))

LaTeX Warning: Unused global option(s):
    [letter].

No file T4figs.aux.
\openout1 = `T4figs.aux'.

LaTeX Font Info:    Checking defaults for OML/cmm/m/it on input line 3.
LaTeX Font Info:    ... okay on input line 3.
LaTeX Font Info:    Checking defaults for T1/cmr/m/n on input line 3.
LaTeX Font Info:    ... okay on input line 3.
LaTeX Font Info:    Checking defaults for OT1/cmr/m/n on input line 3.
LaTeX Font Info:    ... okay on input line 3.
LaTeX Font Info:    Checking defaults for OMS/cmsy/m/n on input line 3.
LaTeX Font Info:    ... okay on input line 3.
LaTeX Font Info:    Checking defaults for OMX/cmex/m/n on input line 3.
LaTeX Font Info:    ... okay on input line 3.
LaTeX Font Info:    Checking defaults for U/cmr/m/n on input line 3.
LaTeX Font Info:    ... okay on input line 3.
\openout3 = `acs-T4figs.bib'.

*geometry* driver: auto-detecting
*geometry* detected driver: pdftex
*geometry* verbose mode - [ preamble ] result:
* driver: pdftex
* paper: <default>
* layout: <same size as paper>
* layoutoffset:(h,v)=(0.0pt,0.0pt)
* modes: 
* h-part:(L,W,R)=(72.2698pt, 469.75539pt, 72.2698pt)
* v-part:(T,H,B)=(72.2698pt, 650.43037pt, 72.2698pt)
* \paperwidth=614.295pt
* \paperheight=794.96999pt
* \textwidth=469.75539pt
* \textheight=650.43037pt
* \oddsidemargin=-0.00018pt
* \evensidemargin=-0.00018pt
* \topmargin=-37.00018pt
* \headheight=12.0pt
* \headsep=25.0pt
* \topskip=12.0pt
* \footskip=30.0pt
* \marginparwidth=44.0pt
* \marginparsep=10.0pt
* \columnsep=10.0pt
* \skip\footins=10.8pt plus 4.0pt minus 2.0pt
* \hoffset=0.0pt
* \voffset=0.0pt
* \mag=1000
* \@twocolumnfalse
* \@twosidefalse
* \@mparswitchfalse
* \@reversemarginfalse
* (1in=72.27pt=25.4mm, 1cm=28.453pt)

Package caption Info: Begin \AtBeginDocument code.
Package caption Info: float package is loaded.
Package caption Info: End \AtBeginDocument code.
(/usr/share/texlive/texmf-dist/tex/context/base/supp-pdf.mkii
[Loading MPS to PDF converter (version 2006.09.02).]
\scratchcounter=\count152
\scratchdimen=\dimen167
\scratchbox=\box45
\nofMPsegments=\count153
\nofMParguments=\count154
\everyMPshowfont=\toks39
\MPscratchCnt=\count155
\MPscratchDim=\dimen168
\MPnumerator=\count156
\makeMPintoPDFobject=\count157
\everyMPtoPDFconversion=\toks40
) (/usr/share/texlive/texmf-dist/tex/latex/oberdiek/epstopdf-base.sty
Package: epstopdf-base 2010/02/09 v2.5 Base part for package epstopdf

(/usr/share/texlive/texmf-dist/tex/latex/oberdiek/grfext.sty
Package: grfext 2010/08/19 v1.1 Manage graphics extensions (HO)

(/usr/share/texlive/texmf-dist/tex/generic/oberdiek/kvdefinekeys.sty
Package: kvdefinekeys 2011/04/07 v1.3 Define keys (HO)
))
(/usr/share/texlive/texmf-dist/tex/latex/oberdiek/kvoptions.sty
Package: kvoptions 2011/06/30 v3.11 Key value format for package options (HO)

(/usr/share/texlive/texmf-dist/tex/generic/oberdiek/kvsetkeys.sty
Package: kvsetkeys 2012/04/25 v1.16 Key value parser (HO)

(/usr/share/texlive/texmf-dist/tex/generic/oberdiek/etexcmds.sty
Package: etexcmds 2011/02/16 v1.5 Avoid name clashes with e-TeX commands (HO)
Package etexcmds Info: Could not find \expanded.
(etexcmds)             That can mean that you are not using pdfTeX 1.50 or
(etexcmds)             that some package has redefined \expanded.
(etexcmds)             In the latter case, load this package earlier.
)))
Package grfext Info: Graphics extension search list:
(grfext)             [.png,.pdf,.jpg,.mps,.jpeg,.jbig2,.jb2,.PNG,.PDF,.JPG,.JPE
G,.JBIG2,.JB2,.eps]
(grfext)             \AppendGraphicsExtensions on input line 452.

(/usr/share/texlive/texmf-dist/tex/latex/latexconfig/epstopdf-sys.cfg
File: epstopdf-sys.cfg 2010/07/13 v1.3 Configuration of (r)epstopdf for TeX Liv
e
))
<VMDscripts/Figures/T4_lysozyme_edit.png, id=1, 1186.4325pt x 783.92876pt>
File: VMDscripts/Figures/T4_lysozyme_edit.png Graphic file (type png)

<use VMDscripts/Figures/T4_lysozyme_edit.png>
Package pdftex.def Info: VMDscripts/Figures/T4_lysozyme_edit.png used on input 
line 8.
(pdftex.def)             Requested size: 469.74907pt x 260.16858pt.

<VMDscripts/Figures/ProteinTube.png, id=3, 1186.4325pt x 934.49126pt>
File: VMDscripts/Figures/ProteinTube.png Graphic file (type png)

<use VMDscripts/Figures/ProteinTube.png>
Package pdftex.def Info: VMDscripts/Figures/ProteinTube.png used on input line 
15.
(pdftex.def)             Requested size: 469.74869pt x 260.16983pt.

<VMDscripts/Figures/F2large.jpg, id=5, 248.6088pt x 308.352pt>
File: VMDscripts/Figures/F2large.jpg Graphic file (type jpg)

<use VMDscripts/Figures/F2large.jpg>
Package pdftex.def Info: VMDscripts/Figures/F2large.jpg used on input line 24.
(pdftex.def)             Requested size: 469.75539pt x 582.67543pt.


Package natbib Warning: Citation `Merski2015' on page 1 undefined on input line
 26.


Package natbib Warning: Citation `Merski2015' on page 1 undefined on input line
 26.


LaTeX Warning: Float too large for page by 43.74504pt on input line 28.

<VMDscripts/Figures/C2O.png, id=6, 1186.4325pt x 783.92876pt>
File: VMDscripts/Figures/C2O.png Graphic file (type png)

<use VMDscripts/Figures/C2O.png>
Package pdftex.def Info: VMDscripts/Figures/C2O.png used on input line 33.
(pdftex.def)             Requested size: 469.76273pt x 260.16188pt.

<VMDscripts/Figures/Glu108-C2O.png, id=8, 819.06pt x 783.92876pt>
File: VMDscripts/Figures/Glu108-C2O.png Graphic file (type png)

<use VMDscripts/Figures/Glu108-C2O.png>
Package pdftex.def Info: VMDscripts/Figures/Glu108-C2O.png used on input line 4
0.
(pdftex.def)             Requested size: 234.88013pt x 260.16188pt.

<VMDscripts/Figures/Val111-C2O.png, id=10, 819.06pt x 783.92876pt>
File: VMDscripts/Figures/Val111-C2O.png Graphic file (type png)

<use VMDscripts/Figures/Val111-C2O.png>
Package pdftex.def Info: VMDscripts/Figures/Val111-C2O.png used on input line 4
6.
(pdftex.def)             Requested size: 234.87877pt x 260.16687pt.


LaTeX Warning: `!h' float specifier changed to `!ht'.


<VMDscripts/c_opls3_1/plots/0-5ns/RMSD-replica11.png, id=12, 722.7pt x 361.35pt
>
File: VMDscripts/c_opls3_1/plots/0-5ns/RMSD-replica11.png Graphic file (type pn
g)
 <use VMDscripts/c_opls3_1/plots/0-5ns/RMSD-replica11.png>
Package pdftex.def Info: VMDscripts/c_opls3_1/plots/0-5ns/RMSD-replica11.png us
ed on input line 57.
(pdftex.def)             Requested size: 469.76942pt x 260.17987pt.

<VMDscripts/o_opls3_1/plots/0-5ns/RMSD-replica11.png, id=14, 722.7pt x 361.35pt
>
File: VMDscripts/o_opls3_1/plots/0-5ns/RMSD-replica11.png Graphic file (type pn
g)
 <use VMDscripts/o_opls3_1/plots/0-5ns/RMSD-replica11.png>
Package pdftex.def Info: VMDscripts/o_opls3_1/plots/0-5ns/RMSD-replica11.png us
ed on input line 64.
(pdftex.def)             Requested size: 469.76942pt x 260.17987pt.


LaTeX Warning: `!h' float specifier changed to `!ht'.


<VMDscripts/c_exp_opls3_11/plots/0-5ns/RMSD-replica11.png, id=16, 722.7pt x 361
.35pt>
File: VMDscripts/c_exp_opls3_11/plots/0-5ns/RMSD-replica11.png Graphic file (ty
pe png)
 <use VMDscripts/c_exp_opls3_11/plots/0-5ns/RMSD-replica11.png>
Package pdftex.def Info: VMDscripts/c_exp_opls3_11/plots/0-5ns/RMSD-replica11.p
ng used on input line 75.
(pdftex.def)             Requested size: 469.76942pt x 260.17987pt.

<VMDscripts/o_exp_opls3_24/plots/0-5ns/RMSD-replica11.png, id=18, 722.7pt x 361
.35pt>
File: VMDscripts/o_exp_opls3_24/plots/0-5ns/RMSD-replica11.png Graphic file (ty
pe png)
 <use VMDscripts/o_exp_opls3_24/plots/0-5ns/RMSD-replica11.png>
Package pdftex.def Info: VMDscripts/o_exp_opls3_24/plots/0-5ns/RMSD-replica11.p
ng used on input line 82.
(pdftex.def)             Requested size: 469.76942pt x 260.17987pt.


LaTeX Warning: `!h' float specifier changed to `!ht'.


<VMDscripts/c_opls3_rest1_extend_1e/plots/0-5ns/RMSD-replica11.png, id=20, 722.
7pt x 361.35pt>
File: VMDscripts/c_opls3_rest1_extend_1e/plots/0-5ns/RMSD-replica11.png Graphic
 file (type png)

<use VMDscripts/c_opls3_rest1_extend_1e/plots/0-5ns/RMSD-replica11.png>
Package pdftex.def Info: VMDscripts/c_opls3_rest1_extend_1e/plots/0-5ns/RMSD-re
plica11.png used on input line 93.
(pdftex.def)             Requested size: 469.76942pt x 260.17987pt.

<VMDscripts/c_opls3_rest1_extend_1e/plots/45-55ns/RMSD-replica11.png, id=22, 72
2.7pt x 361.35pt>
File: VMDscripts/c_opls3_rest1_extend_1e/plots/45-55ns/RMSD-replica11.png Graph
ic file (type png)

<use VMDscripts/c_opls3_rest1_extend_1e/plots/45-55ns/RMSD-replica11.png>
Package pdftex.def Info: VMDscripts/c_opls3_rest1_extend_1e/plots/45-55ns/RMSD-
replica11.png used on input line 100.
(pdftex.def)             Requested size: 469.76942pt x 260.17987pt.


LaTeX Warning: `!h' float specifier changed to `!ht'.


<VMDscripts/c_opls3_1/plots/colormap/cmap-0-5ns.png, id=24, 734.9859pt x 423.50
22pt>
File: VMDscripts/c_opls3_1/plots/colormap/cmap-0-5ns.png Graphic file (type png
)
 <use VMDscripts/c_opls3_1/plots/colormap/cmap-0-5ns.png>
Package pdftex.def Info: VMDscripts/c_opls3_1/plots/colormap/cmap-0-5ns.png use
d on input line 112.
(pdftex.def)             Requested size: 234.87506pt x 260.16473pt.

<VMDscripts/c_opls3_rest1_extend_1e/plots/colormap/cmap-0-5ns.png, id=25, 734.9
859pt x 423.5022pt>
File: VMDscripts/c_opls3_rest1_extend_1e/plots/colormap/cmap-0-5ns.png Graphic 
file (type png)

<use VMDscripts/c_opls3_rest1_extend_1e/plots/colormap/cmap-0-5ns.png>
Package pdftex.def Info: VMDscripts/c_opls3_rest1_extend_1e/plots/colormap/cmap
-0-5ns.png used on input line 118.
(pdftex.def)             Requested size: 234.8718pt x 260.1726pt.

<VMDscripts/c_opls3_rest1_extend_1e/plots/colormap/cmap-45-55ns.png, id=27, 734
.9859pt x 423.5022pt>
File: VMDscripts/c_opls3_rest1_extend_1e/plots/colormap/cmap-45-55ns.png Graphi
c file (type png)

<use VMDscripts/c_opls3_rest1_extend_1e/plots/colormap/cmap-45-55ns.png>
Package pdftex.def Info: VMDscripts/c_opls3_rest1_extend_1e/plots/colormap/cmap
-45-55ns.png used on input line 125.
(pdftex.def)             Requested size: 469.7727pt x 260.1726pt.


LaTeX Warning: `!h' float specifier changed to `!ht'.

<VMDscripts/XYplot/C2O_xyplot.png, id=29, 634.5306pt x 648.2619pt>
File: VMDscripts/XYplot/C2O_xyplot.png Graphic file (type png)

<use VMDscripts/XYplot/C2O_xyplot.png>
Package pdftex.def Info: VMDscripts/XYplot/C2O_xyplot.png used on input line 13
7.
(pdftex.def)             Requested size: 234.87915pt x 195.13292pt.

<VMDscripts/XYplot/C2O_pREST_xyplot.png, id=30, 646.0938pt x 648.2619pt>
File: VMDscripts/XYplot/C2O_pREST_xyplot.png Graphic file (type png)

<use VMDscripts/XYplot/C2O_pREST_xyplot.png>
Package pdftex.def Info: VMDscripts/XYplot/C2O_pREST_xyplot.png used on input l
ine 143.
(pdftex.def)             Requested size: 234.88078pt x 195.13292pt.

<VMDscripts/XYplot/C2I_xyplot.png, id=31, 633.8079pt x 648.2619pt>
File: VMDscripts/XYplot/C2I_xyplot.png Graphic file (type png)

<use VMDscripts/XYplot/C2I_xyplot.png>
Package pdftex.def Info: VMDscripts/XYplot/C2I_xyplot.png used on input line 15
0.
(pdftex.def)             Requested size: 234.87276pt x 195.13292pt.

<VMDscripts/XYplot/C2I_pREST_xyplot.png, id=32, 633.8079pt x 648.2619pt>
File: VMDscripts/XYplot/C2I_pREST_xyplot.png Graphic file (type png)

<use VMDscripts/XYplot/C2I_pREST_xyplot.png>
Package pdftex.def Info: VMDscripts/XYplot/C2I_pREST_xyplot.png used on input l
ine 156.
(pdftex.def)             Requested size: 234.87276pt x 195.13292pt.

<VMDscripts/XYplot/exp_xyplot.png, id=33, 657.657pt x 650.43pt>
File: VMDscripts/XYplot/exp_xyplot.png Graphic file (type png)

<use VMDscripts/XYplot/exp_xyplot.png>
Package pdftex.def Info: VMDscripts/XYplot/exp_xyplot.png used on input line 16
3.
(pdftex.def)             Requested size: 234.87979pt x 195.1305pt.

<VMDscripts/XYplot/exp_pREST_xyplot.png, id=34, 657.657pt x 650.43pt>
File: VMDscripts/XYplot/exp_pREST_xyplot.png Graphic file (type png)

<use VMDscripts/XYplot/exp_pREST_xyplot.png>
Package pdftex.def Info: VMDscripts/XYplot/exp_pREST_xyplot.png used on input l
ine 169.
(pdftex.def)             Requested size: 234.87979pt x 195.1305pt.


LaTeX Warning: Float too large for page by 20.26591pt on input line 175.


LaTeX Warning: `!h' float specifier changed to `!ht'.


Package natbib Warning: There were undefined citations.

[1

{/var/lib/texmf/fonts/map/pdftex/updmap/pdftex.map} <./VMDscripts/Figures/Prote
inTube.png> <./VMDscripts/Figures/T4_lysozyme_edit.png>] [2 <./VMDscripts/Figur
es/F2large.jpg>] [3 <./VMDscripts/Figures/C2O.png> <./VMDscripts/Figures/Glu108
-C2O.png> <./VMDscripts/Figures/Val111-C2O.png>] [4 <./VMDscripts/c_opls3_1/plo
ts/0-5ns/RMSD-replica11.png> <./VMDscripts/o_opls3_1/plots/0-5ns/RMSD-replica11
.png>] [5 <./VMDscripts/c_exp_opls3_11/plots/0-5ns/RMSD-replica11.png> <./VMDsc
ripts/o_exp_opls3_24/plots/0-5ns/RMSD-replica11.png>] [6 <./VMDscripts/c_opls3_
rest1_extend_1e/plots/0-5ns/RMSD-replica11.png> <./VMDscripts/c_opls3_rest1_ext
end_1e/plots/45-55ns/RMSD-replica11.png>] [7 <./VMDscripts/c_opls3_rest1_extend
_1e/plots/colormap/cmap-0-5ns.png> <./VMDscripts/c_opls3_rest1_extend_1e/plots/
colormap/cmap-45-55ns.png> <./VMDscripts/c_opls3_1/plots/colormap/cmap-0-5ns.pn
g>] [8 <./VMDscripts/XYplot/C2O_xyplot.png> <./VMDscripts/XYplot/C2O_pREST_xypl
ot.png> <./VMDscripts/XYplot/C2I_xyplot.png> <./VMDscripts/XYplot/C2I_pREST_xyp
lot.png> <./VMDscripts/XYplot/exp_xyplot.png> <./VMDscripts/XYplot/exp_pREST_xy
plot.png>] (./T4figs.aux)

LaTeX Warning: Label(s) may have changed. Rerun to get cross-references right.

 ) 
Here is how much of TeX's memory you used:
 11478 strings out of 493304
 203319 string characters out of 6139871
 264278 words of memory out of 5000000
 14726 multiletter control sequences out of 15000+600000
 10123 words of font info for 30 fonts, out of 8000000 for 9000
 957 hyphenation exceptions out of 8191
 68i,12n,96p,10430b,529s stack positions out of 5000i,500n,10000p,200000b,80000s
{/usr/share/texmf/fonts/enc/dvips/cm-super/cm-super-t1.enc}</usr/share/texmf/
fonts/type1/public/cm-super/sfbx0800.pfb></usr/share/texmf/fonts/type1/public/c
m-super/sfrm1095.pfb></usr/share/texmf/fonts/type1/public/cm-super/sfrm1200.pfb
>
Output written on T4figs.pdf (8 pages, 1543868 bytes).
PDF statistics:
 110 PDF objects out of 1000 (max. 8388607)
 43 compressed objects within 1 object stream
 0 named destinations out of 1000 (max. 500000)
 178 words of extra memory for PDF output out of 10000 (max. 10000000)

